This file contains any messages produced by compilers while
running configure, to aid debugging if configure makes a mistake.

It was created by libsimplejsoncpp configure 1.0, which was
generated by GNU Autoconf 2.69.  Invocation command line was

  $ ./configure 

## --------- ##
## Platform. ##
## --------- ##

hostname = localhost
uname -m = x86_64
uname -r = 12.4.0
uname -s = Darwin
uname -v = Darwin Kernel Version 12.4.0: Wed May  1 17:57:12 PDT 2013; root:xnu-2050.24.15~1/RELEASE_X86_64

/usr/bin/uname -p = i386
/bin/uname -X     = unknown

/bin/arch              = unknown
/usr/bin/arch -k       = unknown
/usr/convex/getsysinfo = unknown
/usr/bin/hostinfo      = Mach kernel version:
	 Darwin Kernel Version 12.4.0: Wed May  1 17:57:12 PDT 2013; root:xnu-2050.24.15~1/RELEASE_X86_64
Kernel configured for up to 4 processors.
2 processors are physically available.
4 processors are logically available.
Processor type: i486 (Intel 80486)
Processors active: 0 1 2 3
Primary memory available: 5.00 gigabytes
Default processor set: 91 tasks, 396 threads, 4 processors
Load average: 0.70, Mach factor: 3.29
/bin/machine           = unknown
/usr/bin/oslevel       = unknown
/bin/universe          = unknown

PATH: /opt/local/bin
PATH: /opt/local/sbin
PATH: /usr/bin
PATH: /bin
PATH: /usr/sbin
PATH: /sbin
PATH: /usr/local/bin


## ----------- ##
## Core tests. ##
## ----------- ##

configure:2439: checking for a BSD-compatible install
configure:2507: result: /usr/bin/install -c
configure:2518: checking whether build environment is sane
configure:2573: result: yes
configure:2724: checking for a thread-safe mkdir -p
configure:2763: result: ./install-sh -c -d
configure:2770: checking for gawk
configure:2800: result: no
configure:2770: checking for mawk
configure:2800: result: no
configure:2770: checking for nawk
configure:2800: result: no
configure:2770: checking for awk
configure:2786: found /usr/bin/awk
configure:2797: result: awk
configure:2808: checking whether make sets $(MAKE)
configure:2830: result: yes
configure:2859: checking whether make supports nested variables
configure:2876: result: yes
configure:3032: checking build system type
configure:3046: result: x86_64-apple-darwin12.4.0
configure:3066: checking host system type
configure:3079: result: x86_64-apple-darwin12.4.0
configure:3120: checking how to print strings
configure:3147: result: printf
configure:3180: checking for style of include used by make
configure:3208: result: GNU
configure:3279: checking for gcc
configure:3295: found /usr/bin/gcc
configure:3306: result: gcc
configure:3535: checking for C compiler version
configure:3544: gcc --version >&5
i686-apple-darwin11-llvm-gcc-4.2 (GCC) 4.2.1 (Based on Apple Inc. build 5658) (LLVM build 2336.11.00)
Copyright (C) 2007 Free Software Foundation, Inc.
This is free software; see the source for copying conditions.  There is NO
warranty; not even for MERCHANTABILITY or FITNESS FOR A PARTICULAR PURPOSE.

configure:3555: $? = 0
configure:3544: gcc -v >&5
Using built-in specs.
Target: i686-apple-darwin11
Configured with: /private/var/tmp/llvmgcc42/llvmgcc42-2336.11~182/src/configure --disable-checking --enable-werror --prefix=/Applications/Xcode.app/Contents/Developer/usr/llvm-gcc-4.2 --mandir=/share/man --enable-languages=c,objc,c++,obj-c++ --program-prefix=llvm- --program-transform-name=/^[cg][^.-]*$/s/$/-4.2/ --with-slibdir=/usr/lib --build=i686-apple-darwin11 --enable-llvm=/private/var/tmp/llvmgcc42/llvmgcc42-2336.11~182/dst-llvmCore/Developer/usr/local --program-prefix=i686-apple-darwin11- --host=x86_64-apple-darwin11 --target=i686-apple-darwin11 --with-gxx-include-dir=/usr/include/c++/4.2.1
Thread model: posix
gcc version 4.2.1 (Based on Apple Inc. build 5658) (LLVM build 2336.11.00)
configure:3555: $? = 0
configure:3544: gcc -V >&5
llvm-gcc-4.2: argument to `-V' is missing
configure:3555: $? = 1
configure:3544: gcc -qversion >&5
i686-apple-darwin11-llvm-gcc-4.2: no input files
configure:3555: $? = 1
configure:3575: checking whether the C compiler works
configure:3597: gcc    conftest.c  >&5
configure:3601: $? = 0
configure:3649: result: yes
configure:3652: checking for C compiler default output file name
configure:3654: result: a.out
configure:3660: checking for suffix of executables
configure:3667: gcc -o conftest    conftest.c  >&5
configure:3671: $? = 0
configure:3693: result: 
configure:3715: checking whether we are cross compiling
configure:3723: gcc -o conftest    conftest.c  >&5
configure:3727: $? = 0
configure:3734: ./conftest
configure:3738: $? = 0
configure:3753: result: no
configure:3758: checking for suffix of object files
configure:3780: gcc -c   conftest.c >&5
configure:3784: $? = 0
configure:3805: result: o
configure:3809: checking whether we are using the GNU C compiler
configure:3828: gcc -c   conftest.c >&5
configure:3828: $? = 0
configure:3837: result: yes
configure:3846: checking whether gcc accepts -g
configure:3866: gcc -c -g  conftest.c >&5
configure:3866: $? = 0
configure:3907: result: yes
configure:3924: checking for gcc option to accept ISO C89
configure:3987: gcc  -c -g -O2  conftest.c >&5
configure:3987: $? = 0
configure:4000: result: none needed
configure:4025: checking whether gcc understands -c and -o together
configure:4047: gcc -c conftest.c -o conftest2.o
configure:4050: $? = 0
configure:4047: gcc -c conftest.c -o conftest2.o
configure:4050: $? = 0
configure:4062: result: yes
configure:4081: checking dependency style of gcc
configure:4192: result: gcc3
configure:4207: checking for a sed that does not truncate output
configure:4271: result: /usr/bin/sed
configure:4289: checking for grep that handles long lines and -e
configure:4347: result: /usr/bin/grep
configure:4352: checking for egrep
configure:4414: result: /usr/bin/grep -E
configure:4419: checking for fgrep
configure:4481: result: /usr/bin/grep -F
configure:4516: checking for ld used by gcc
configure:4583: result: /usr/llvm-gcc-4.2/libexec/gcc/i686-apple-darwin11/4.2.1/ld
configure:4590: checking if the linker (/usr/llvm-gcc-4.2/libexec/gcc/i686-apple-darwin11/4.2.1/ld) is GNU ld
configure:4605: result: no
configure:4617: checking for BSD- or MS-compatible name lister (nm)
configure:4666: result: /usr/bin/nm
configure:4796: checking the name lister (/usr/bin/nm) interface
configure:4803: gcc -c -g -O2  conftest.c >&5
configure:4806: /usr/bin/nm "conftest.o"
configure:4809: output
0000000000000194 S _some_variable
configure:4816: result: BSD nm
configure:4819: checking whether ln -s works
configure:4823: result: yes
configure:4831: checking the maximum length of command line arguments
configure:4956: result: 196608
configure:4973: checking whether the shell understands some XSI constructs
configure:4983: result: yes
configure:4987: checking whether the shell understands "+="
configure:4993: result: yes
configure:5028: checking how to convert x86_64-apple-darwin12.4.0 file names to x86_64-apple-darwin12.4.0 format
configure:5068: result: func_convert_file_noop
configure:5075: checking how to convert x86_64-apple-darwin12.4.0 file names to toolchain format
configure:5095: result: func_convert_file_noop
configure:5102: checking for /usr/llvm-gcc-4.2/libexec/gcc/i686-apple-darwin11/4.2.1/ld option to reload object files
configure:5109: result: -r
configure:5183: checking for objdump
configure:5213: result: no
configure:5242: checking how to recognize dependent libraries
configure:5444: result: pass_all
configure:5529: checking for dlltool
configure:5559: result: no
configure:5589: checking how to associate runtime and link libraries
configure:5616: result: printf %s\n
configure:5677: checking for ar
configure:5693: found /usr/bin/ar
configure:5704: result: ar
configure:5741: checking for archiver @FILE support
configure:5758: gcc -c -g -O2  conftest.c >&5
configure:5758: $? = 0
configure:5761: ar cru libconftest.a @conftest.lst >&5
ar: @conftest.lst: No such file or directory
configure:5764: $? = 1
configure:5784: result: no
configure:5842: checking for strip
configure:5858: found /usr/bin/strip
configure:5869: result: strip
configure:5941: checking for ranlib
configure:5957: found /usr/bin/ranlib
configure:5968: result: ranlib
configure:6070: checking command to parse /usr/bin/nm output from gcc object
configure:6189: gcc -c -g -O2  conftest.c >&5
configure:6192: $? = 0
configure:6196: /usr/bin/nm conftest.o \| sed -n -e 's/^.*[ ]\([BCDEGRST][BCDEGRST]*\)[ ][ ]*\([_A-Za-z][_A-Za-z0-9]*\)$/\1 \2 \2/p' | sed '/ __gnu_lto/d' \> conftest.nm
configure:6199: $? = 0
cannot find nm_test_var in conftest.nm
configure:6189: gcc -c -g -O2  conftest.c >&5
configure:6192: $? = 0
configure:6196: /usr/bin/nm conftest.o \| sed -n -e 's/^.*[ ]\([BCDEGRST][BCDEGRST]*\)[ ][ ]*_\([_A-Za-z][_A-Za-z0-9]*\)$/\1 _\2 \2/p' | sed '/ __gnu_lto/d' \> conftest.nm
configure:6199: $? = 0
configure:6265: gcc -o conftest -g -O2   conftest.c conftstm.o >&5
configure:6268: $? = 0
configure:6306: result: ok
configure:6343: checking for sysroot
configure:6373: result: no
configure:6616: checking for mt
configure:6646: result: no
configure:6666: checking if : is a manifest tool
configure:6672: : '-?'
configure:6680: result: no
configure:6736: checking for dsymutil
configure:6752: found /usr/bin/dsymutil
configure:6763: result: dsymutil
configure:6828: checking for nmedit
configure:6844: found /usr/bin/nmedit
configure:6855: result: nmedit
configure:6920: checking for lipo
configure:6936: found /usr/bin/lipo
configure:6947: result: lipo
configure:7012: checking for otool
configure:7028: found /usr/bin/otool
configure:7039: result: otool
configure:7104: checking for otool64
configure:7134: result: no
configure:7179: checking for -single_module linker flag
gcc -g -O2  -o libconftest.dylib -dynamiclib -Wl,-single_module conftest.c
configure:7206: result: yes
configure:7208: checking for -exported_symbols_list linker flag
configure:7228: gcc -o conftest -g -O2   -Wl,-exported_symbols_list,conftest.sym conftest.c  >&5
configure:7228: $? = 0
configure:7238: result: yes
configure:7240: checking for -force_load linker flag
gcc -g -O2 -c -o conftest.o conftest.c
ar cru libconftest.a conftest.o
ranlib libconftest.a
gcc -g -O2  -o conftest conftest.c -Wl,-force_load,./libconftest.a
configure:7270: result: yes
configure:7312: checking how to run the C preprocessor
configure:7343: gcc -E  conftest.c
configure:7343: $? = 0
configure:7357: gcc -E  conftest.c
conftest.c:11:28: error: ac_nonexistent.h: No such file or directory
configure:7357: $? = 1
configure: failed program was:
| /* confdefs.h */
| #define PACKAGE_NAME "libsimplejsoncpp"
| #define PACKAGE_TARNAME "libsimplejsoncpp"
| #define PACKAGE_VERSION "1.0"
| #define PACKAGE_STRING "libsimplejsoncpp 1.0"
| #define PACKAGE_BUGREPORT "chenjiajun90@gmail.com"
| #define PACKAGE_URL ""
| #define PACKAGE "libsimplejsoncpp"
| #define VERSION "1.0"
| /* end confdefs.h.  */
| #include <ac_nonexistent.h>
configure:7382: result: gcc -E
configure:7402: gcc -E  conftest.c
configure:7402: $? = 0
configure:7416: gcc -E  conftest.c
conftest.c:11:28: error: ac_nonexistent.h: No such file or directory
configure:7416: $? = 1
configure: failed program was:
| /* confdefs.h */
| #define PACKAGE_NAME "libsimplejsoncpp"
| #define PACKAGE_TARNAME "libsimplejsoncpp"
| #define PACKAGE_VERSION "1.0"
| #define PACKAGE_STRING "libsimplejsoncpp 1.0"
| #define PACKAGE_BUGREPORT "chenjiajun90@gmail.com"
| #define PACKAGE_URL ""
| #define PACKAGE "libsimplejsoncpp"
| #define VERSION "1.0"
| /* end confdefs.h.  */
| #include <ac_nonexistent.h>
configure:7445: checking for ANSI C header files
configure:7465: gcc -c -g -O2  conftest.c >&5
configure:7465: $? = 0
configure:7538: gcc -o conftest -g -O2   conftest.c  >&5
configure:7538: $? = 0
configure:7538: ./conftest
configure:7538: $? = 0
configure:7549: result: yes
configure:7562: checking for sys/types.h
configure:7562: gcc -c -g -O2  conftest.c >&5
configure:7562: $? = 0
configure:7562: result: yes
configure:7562: checking for sys/stat.h
configure:7562: gcc -c -g -O2  conftest.c >&5
configure:7562: $? = 0
configure:7562: result: yes
configure:7562: checking for stdlib.h
configure:7562: gcc -c -g -O2  conftest.c >&5
configure:7562: $? = 0
configure:7562: result: yes
configure:7562: checking for string.h
configure:7562: gcc -c -g -O2  conftest.c >&5
configure:7562: $? = 0
configure:7562: result: yes
configure:7562: checking for memory.h
configure:7562: gcc -c -g -O2  conftest.c >&5
configure:7562: $? = 0
configure:7562: result: yes
configure:7562: checking for strings.h
configure:7562: gcc -c -g -O2  conftest.c >&5
configure:7562: $? = 0
configure:7562: result: yes
configure:7562: checking for inttypes.h
configure:7562: gcc -c -g -O2  conftest.c >&5
configure:7562: $? = 0
configure:7562: result: yes
configure:7562: checking for stdint.h
configure:7562: gcc -c -g -O2  conftest.c >&5
configure:7562: $? = 0
configure:7562: result: yes
configure:7562: checking for unistd.h
configure:7562: gcc -c -g -O2  conftest.c >&5
configure:7562: $? = 0
configure:7562: result: yes
configure:7576: checking for dlfcn.h
configure:7576: gcc -c -g -O2  conftest.c >&5
configure:7576: $? = 0
configure:7576: result: yes
configure:7763: checking for objdir
configure:7778: result: .libs
configure:8045: checking if gcc supports -fno-rtti -fno-exceptions
configure:8063: gcc -c -g -O2  -fno-rtti -fno-exceptions conftest.c >&5
cc1: warning: command line option "-fno-rtti" is valid for C++/ObjC++ but not for C
configure:8067: $? = 0
configure:8080: result: no
configure:8390: checking for gcc option to produce PIC
configure:8397: result: -fno-common -DPIC
configure:8405: checking if gcc PIC flag -fno-common -DPIC works
configure:8423: gcc -c -g -O2  -fno-common -DPIC -DPIC conftest.c >&5
configure:8427: $? = 0
configure:8440: result: yes
configure:8469: checking if gcc static flag -static works
configure:8497: result: no
configure:8512: checking if gcc supports -c -o file.o
configure:8533: gcc -c -g -O2  -o out/conftest2.o conftest.c >&5
configure:8537: $? = 0
configure:8559: result: yes
configure:8567: checking if gcc supports -c -o file.o
configure:8614: result: yes
configure:8647: checking whether the gcc linker (/usr/llvm-gcc-4.2/libexec/gcc/i686-apple-darwin11/4.2.1/ld) supports shared libraries
configure:9805: result: yes
configure:10050: checking dynamic linker characteristics
configure:10786: result: darwin12.4.0 dyld
configure:10893: checking how to hardcode library paths into programs
configure:10918: result: immediate
configure:11458: checking whether stripping libraries is possible
configure:11472: result: yes
configure:11498: checking if libtool supports shared libraries
configure:11500: result: yes
configure:11503: checking whether to build shared libraries
configure:11524: result: yes
configure:11527: checking whether to build static libraries
configure:11531: result: yes
configure:11626: checking for g++
configure:11642: found /usr/bin/g++
configure:11653: result: g++
configure:11680: checking for C++ compiler version
configure:11689: g++ --version >&5
i686-apple-darwin11-llvm-g++-4.2 (GCC) 4.2.1 (Based on Apple Inc. build 5658) (LLVM build 2336.11.00)
Copyright (C) 2007 Free Software Foundation, Inc.
This is free software; see the source for copying conditions.  There is NO
warranty; not even for MERCHANTABILITY or FITNESS FOR A PARTICULAR PURPOSE.

configure:11700: $? = 0
configure:11689: g++ -v >&5
Using built-in specs.
Target: i686-apple-darwin11
Configured with: /private/var/tmp/llvmgcc42/llvmgcc42-2336.11~182/src/configure --disable-checking --enable-werror --prefix=/Applications/Xcode.app/Contents/Developer/usr/llvm-gcc-4.2 --mandir=/share/man --enable-languages=c,objc,c++,obj-c++ --program-prefix=llvm- --program-transform-name=/^[cg][^.-]*$/s/$/-4.2/ --with-slibdir=/usr/lib --build=i686-apple-darwin11 --enable-llvm=/private/var/tmp/llvmgcc42/llvmgcc42-2336.11~182/dst-llvmCore/Developer/usr/local --program-prefix=i686-apple-darwin11- --host=x86_64-apple-darwin11 --target=i686-apple-darwin11 --with-gxx-include-dir=/usr/include/c++/4.2.1
Thread model: posix
gcc version 4.2.1 (Based on Apple Inc. build 5658) (LLVM build 2336.11.00)
configure:11700: $? = 0
configure:11689: g++ -V >&5
llvm-g++-4.2: argument to `-V' is missing
configure:11700: $? = 1
configure:11689: g++ -qversion >&5
i686-apple-darwin11-llvm-g++-4.2: no input files
configure:11700: $? = 1
configure:11704: checking whether we are using the GNU C++ compiler
configure:11723: g++ -c   conftest.cpp >&5
configure:11723: $? = 0
configure:11732: result: yes
configure:11741: checking whether g++ accepts -g
configure:11761: g++ -c -g  conftest.cpp >&5
configure:11761: $? = 0
configure:11802: result: yes
configure:11827: checking dependency style of g++
configure:11938: result: gcc3
configure:11971: checking how to run the C++ preprocessor
configure:11998: g++ -E  conftest.cpp
configure:11998: $? = 0
configure:12012: g++ -E  conftest.cpp
conftest.cpp:23:28: error: ac_nonexistent.h: No such file or directory
configure:12012: $? = 1
configure: failed program was:
| /* confdefs.h */
| #define PACKAGE_NAME "libsimplejsoncpp"
| #define PACKAGE_TARNAME "libsimplejsoncpp"
| #define PACKAGE_VERSION "1.0"
| #define PACKAGE_STRING "libsimplejsoncpp 1.0"
| #define PACKAGE_BUGREPORT "chenjiajun90@gmail.com"
| #define PACKAGE_URL ""
| #define PACKAGE "libsimplejsoncpp"
| #define VERSION "1.0"
| #define STDC_HEADERS 1
| #define HAVE_SYS_TYPES_H 1
| #define HAVE_SYS_STAT_H 1
| #define HAVE_STDLIB_H 1
| #define HAVE_STRING_H 1
| #define HAVE_MEMORY_H 1
| #define HAVE_STRINGS_H 1
| #define HAVE_INTTYPES_H 1
| #define HAVE_STDINT_H 1
| #define HAVE_UNISTD_H 1
| #define HAVE_DLFCN_H 1
| #define LT_OBJDIR ".libs/"
| /* end confdefs.h.  */
| #include <ac_nonexistent.h>
configure:12037: result: g++ -E
configure:12057: g++ -E  conftest.cpp
configure:12057: $? = 0
configure:12071: g++ -E  conftest.cpp
conftest.cpp:23:28: error: ac_nonexistent.h: No such file or directory
configure:12071: $? = 1
configure: failed program was:
| /* confdefs.h */
| #define PACKAGE_NAME "libsimplejsoncpp"
| #define PACKAGE_TARNAME "libsimplejsoncpp"
| #define PACKAGE_VERSION "1.0"
| #define PACKAGE_STRING "libsimplejsoncpp 1.0"
| #define PACKAGE_BUGREPORT "chenjiajun90@gmail.com"
| #define PACKAGE_URL ""
| #define PACKAGE "libsimplejsoncpp"
| #define VERSION "1.0"
| #define STDC_HEADERS 1
| #define HAVE_SYS_TYPES_H 1
| #define HAVE_SYS_STAT_H 1
| #define HAVE_STDLIB_H 1
| #define HAVE_STRING_H 1
| #define HAVE_MEMORY_H 1
| #define HAVE_STRINGS_H 1
| #define HAVE_INTTYPES_H 1
| #define HAVE_STDINT_H 1
| #define HAVE_UNISTD_H 1
| #define HAVE_DLFCN_H 1
| #define LT_OBJDIR ".libs/"
| /* end confdefs.h.  */
| #include <ac_nonexistent.h>
configure:12241: checking for ld used by g++
configure:12308: result: /usr/llvm-gcc-4.2/libexec/gcc/i686-apple-darwin11/4.2.1/ld
configure:12315: checking if the linker (/usr/llvm-gcc-4.2/libexec/gcc/i686-apple-darwin11/4.2.1/ld) is GNU ld
configure:12330: result: no
configure:12385: checking whether the g++ linker (/usr/llvm-gcc-4.2/libexec/gcc/i686-apple-darwin11/4.2.1/ld) supports shared libraries
configure:13389: result: yes
configure:13424: g++ -c -g -O2  conftest.cpp >&5
configure:13427: $? = 0
configure:13947: checking for g++ option to produce PIC
configure:13954: result: -fno-common -DPIC
configure:13962: checking if g++ PIC flag -fno-common -DPIC works
configure:13980: g++ -c -g -O2  -fno-common -DPIC -DPIC conftest.cpp >&5
configure:13984: $? = 0
configure:13997: result: yes
configure:14020: checking if g++ static flag -static works
configure:14048: result: no
configure:14060: checking if g++ supports -c -o file.o
configure:14081: g++ -c -g -O2  -o out/conftest2.o conftest.cpp >&5
configure:14085: $? = 0
configure:14107: result: yes
configure:14112: checking if g++ supports -c -o file.o
configure:14159: result: yes
configure:14189: checking whether the g++ linker (/usr/llvm-gcc-4.2/libexec/gcc/i686-apple-darwin11/4.2.1/ld) supports shared libraries
configure:14223: result: yes
configure:14366: checking dynamic linker characteristics
configure:15036: result: darwin12.4.0 dyld
configure:15089: checking how to hardcode library paths into programs
configure:15114: result: immediate
configure:15202: checking for gcc
configure:15229: result: gcc
configure:15458: checking for C compiler version
configure:15467: gcc --version >&5
i686-apple-darwin11-llvm-gcc-4.2 (GCC) 4.2.1 (Based on Apple Inc. build 5658) (LLVM build 2336.11.00)
Copyright (C) 2007 Free Software Foundation, Inc.
This is free software; see the source for copying conditions.  There is NO
warranty; not even for MERCHANTABILITY or FITNESS FOR A PARTICULAR PURPOSE.

configure:15478: $? = 0
configure:15467: gcc -v >&5
Using built-in specs.
Target: i686-apple-darwin11
Configured with: /private/var/tmp/llvmgcc42/llvmgcc42-2336.11~182/src/configure --disable-checking --enable-werror --prefix=/Applications/Xcode.app/Contents/Developer/usr/llvm-gcc-4.2 --mandir=/share/man --enable-languages=c,objc,c++,obj-c++ --program-prefix=llvm- --program-transform-name=/^[cg][^.-]*$/s/$/-4.2/ --with-slibdir=/usr/lib --build=i686-apple-darwin11 --enable-llvm=/private/var/tmp/llvmgcc42/llvmgcc42-2336.11~182/dst-llvmCore/Developer/usr/local --program-prefix=i686-apple-darwin11- --host=x86_64-apple-darwin11 --target=i686-apple-darwin11 --with-gxx-include-dir=/usr/include/c++/4.2.1
Thread model: posix
gcc version 4.2.1 (Based on Apple Inc. build 5658) (LLVM build 2336.11.00)
configure:15478: $? = 0
configure:15467: gcc -V >&5
llvm-gcc-4.2: argument to `-V' is missing
configure:15478: $? = 1
configure:15467: gcc -qversion >&5
i686-apple-darwin11-llvm-gcc-4.2: no input files
configure:15478: $? = 1
configure:15482: checking whether we are using the GNU C compiler
configure:15510: result: yes
configure:15519: checking whether gcc accepts -g
configure:15580: result: yes
configure:15597: checking for gcc option to accept ISO C89
configure:15673: result: none needed
configure:15698: checking whether gcc understands -c and -o together
configure:15735: result: yes
configure:15754: checking dependency style of gcc
configure:15865: result: gcc3
configure:15884: checking wchar.h usability
configure:15884: gcc -c -g -O2  conftest.c >&5
configure:15884: $? = 0
configure:15884: result: yes
configure:15884: checking wchar.h presence
configure:15884: gcc -E  conftest.c
configure:15884: $? = 0
configure:15884: result: yes
configure:15884: checking for wchar.h
configure:15884: result: yes
configure:15896: checking for stdbool.h that conforms to C99
configure:15963: gcc -c -g -O2  conftest.c >&5
configure:15963: $? = 0
configure:15970: result: yes
configure:15972: checking for _Bool
configure:15972: gcc -c -g -O2  conftest.c >&5
configure:15972: $? = 0
configure:15972: gcc -c -g -O2  conftest.c >&5
conftest.c: In function 'main':
conftest.c:60: error: expected expression before ')' token
configure:15972: $? = 1
configure: failed program was:
| /* confdefs.h */
| #define PACKAGE_NAME "libsimplejsoncpp"
| #define PACKAGE_TARNAME "libsimplejsoncpp"
| #define PACKAGE_VERSION "1.0"
| #define PACKAGE_STRING "libsimplejsoncpp 1.0"
| #define PACKAGE_BUGREPORT "chenjiajun90@gmail.com"
| #define PACKAGE_URL ""
| #define PACKAGE "libsimplejsoncpp"
| #define VERSION "1.0"
| #define STDC_HEADERS 1
| #define HAVE_SYS_TYPES_H 1
| #define HAVE_SYS_STAT_H 1
| #define HAVE_STDLIB_H 1
| #define HAVE_STRING_H 1
| #define HAVE_MEMORY_H 1
| #define HAVE_STRINGS_H 1
| #define HAVE_INTTYPES_H 1
| #define HAVE_STDINT_H 1
| #define HAVE_UNISTD_H 1
| #define HAVE_DLFCN_H 1
| #define LT_OBJDIR ".libs/"
| #define HAVE_WCHAR_H 1
| /* end confdefs.h.  */
| #include <stdio.h>
| #ifdef HAVE_SYS_TYPES_H
| # include <sys/types.h>
| #endif
| #ifdef HAVE_SYS_STAT_H
| # include <sys/stat.h>
| #endif
| #ifdef STDC_HEADERS
| # include <stdlib.h>
| # include <stddef.h>
| #else
| # ifdef HAVE_STDLIB_H
| #  include <stdlib.h>
| # endif
| #endif
| #ifdef HAVE_STRING_H
| # if !defined STDC_HEADERS && defined HAVE_MEMORY_H
| #  include <memory.h>
| # endif
| # include <string.h>
| #endif
| #ifdef HAVE_STRINGS_H
| # include <strings.h>
| #endif
| #ifdef HAVE_INTTYPES_H
| # include <inttypes.h>
| #endif
| #ifdef HAVE_STDINT_H
| # include <stdint.h>
| #endif
| #ifdef HAVE_UNISTD_H
| # include <unistd.h>
| #endif
| int
| main ()
| {
| if (sizeof ((_Bool)))
| 	    return 0;
|   ;
|   return 0;
| }
configure:15972: result: yes
configure:15983: checking for inline
configure:15999: gcc -c -g -O2  conftest.c >&5
configure:15999: $? = 0
configure:16007: result: inline
configure:16025: checking for size_t
configure:16025: gcc -c -g -O2  conftest.c >&5
configure:16025: $? = 0
configure:16025: gcc -c -g -O2  conftest.c >&5
conftest.c: In function 'main':
conftest.c:61: error: expected expression before ')' token
configure:16025: $? = 1
configure: failed program was:
| /* confdefs.h */
| #define PACKAGE_NAME "libsimplejsoncpp"
| #define PACKAGE_TARNAME "libsimplejsoncpp"
| #define PACKAGE_VERSION "1.0"
| #define PACKAGE_STRING "libsimplejsoncpp 1.0"
| #define PACKAGE_BUGREPORT "chenjiajun90@gmail.com"
| #define PACKAGE_URL ""
| #define PACKAGE "libsimplejsoncpp"
| #define VERSION "1.0"
| #define STDC_HEADERS 1
| #define HAVE_SYS_TYPES_H 1
| #define HAVE_SYS_STAT_H 1
| #define HAVE_STDLIB_H 1
| #define HAVE_STRING_H 1
| #define HAVE_MEMORY_H 1
| #define HAVE_STRINGS_H 1
| #define HAVE_INTTYPES_H 1
| #define HAVE_STDINT_H 1
| #define HAVE_UNISTD_H 1
| #define HAVE_DLFCN_H 1
| #define LT_OBJDIR ".libs/"
| #define HAVE_WCHAR_H 1
| #define HAVE__BOOL 1
| /* end confdefs.h.  */
| #include <stdio.h>
| #ifdef HAVE_SYS_TYPES_H
| # include <sys/types.h>
| #endif
| #ifdef HAVE_SYS_STAT_H
| # include <sys/stat.h>
| #endif
| #ifdef STDC_HEADERS
| # include <stdlib.h>
| # include <stddef.h>
| #else
| # ifdef HAVE_STDLIB_H
| #  include <stdlib.h>
| # endif
| #endif
| #ifdef HAVE_STRING_H
| # if !defined STDC_HEADERS && defined HAVE_MEMORY_H
| #  include <memory.h>
| # endif
| # include <string.h>
| #endif
| #ifdef HAVE_STRINGS_H
| # include <strings.h>
| #endif
| #ifdef HAVE_INTTYPES_H
| # include <inttypes.h>
| #endif
| #ifdef HAVE_STDINT_H
| # include <stdint.h>
| #endif
| #ifdef HAVE_UNISTD_H
| # include <unistd.h>
| #endif
| int
| main ()
| {
| if (sizeof ((size_t)))
| 	    return 0;
|   ;
|   return 0;
| }
configure:16025: result: yes
configure:16038: checking for error_at_line
configure:16054: gcc -o conftest -g -O2   conftest.c  >&5
conftest.c:25:19: error: error.h: No such file or directory
configure:16054: $? = 1
configure: failed program was:
| /* confdefs.h */
| #define PACKAGE_NAME "libsimplejsoncpp"
| #define PACKAGE_TARNAME "libsimplejsoncpp"
| #define PACKAGE_VERSION "1.0"
| #define PACKAGE_STRING "libsimplejsoncpp 1.0"
| #define PACKAGE_BUGREPORT "chenjiajun90@gmail.com"
| #define PACKAGE_URL ""
| #define PACKAGE "libsimplejsoncpp"
| #define VERSION "1.0"
| #define STDC_HEADERS 1
| #define HAVE_SYS_TYPES_H 1
| #define HAVE_SYS_STAT_H 1
| #define HAVE_STDLIB_H 1
| #define HAVE_STRING_H 1
| #define HAVE_MEMORY_H 1
| #define HAVE_STRINGS_H 1
| #define HAVE_INTTYPES_H 1
| #define HAVE_STDINT_H 1
| #define HAVE_UNISTD_H 1
| #define HAVE_DLFCN_H 1
| #define LT_OBJDIR ".libs/"
| #define HAVE_WCHAR_H 1
| #define HAVE__BOOL 1
| /* end confdefs.h.  */
| #include <error.h>
| int
| main ()
| {
| error_at_line (0, 0, "", 0, "an error occurred");
|   ;
|   return 0;
| }
configure:16062: result: no
configure:16221: checking that generated files are newer than configure
configure:16227: result: done
configure:16258: creating ./config.status

## ---------------------- ##
## Running config.status. ##
## ---------------------- ##

This file was extended by libsimplejsoncpp config.status 1.0, which was
generated by GNU Autoconf 2.69.  Invocation command line was

  CONFIG_FILES    = 
  CONFIG_HEADERS  = 
  CONFIG_LINKS    = 
  CONFIG_COMMANDS = 
  $ ./config.status 

on localhost

config.status:1068: creating Makefile
config.status:1068: creating src/Makefile
config.status:1068: creating src/util/Makefile
config.status:1068: creating src/json/entity/Makefile
config.status:1068: creating src/json/parser/Makefile
config.status:1240: executing depfiles commands
config.status:1240: executing libtool commands

## ---------------- ##
## Cache variables. ##
## ---------------- ##

ac_cv_build=x86_64-apple-darwin12.4.0
ac_cv_c_compiler_gnu=yes
ac_cv_c_inline=inline
ac_cv_cxx_compiler_gnu=yes
ac_cv_env_CCC_set=
ac_cv_env_CCC_value=
ac_cv_env_CC_set=
ac_cv_env_CC_value=
ac_cv_env_CFLAGS_set=
ac_cv_env_CFLAGS_value=
ac_cv_env_CPPFLAGS_set=
ac_cv_env_CPPFLAGS_value=
ac_cv_env_CPP_set=
ac_cv_env_CPP_value=
ac_cv_env_CXXCPP_set=
ac_cv_env_CXXCPP_value=
ac_cv_env_CXXFLAGS_set=
ac_cv_env_CXXFLAGS_value=
ac_cv_env_CXX_set=
ac_cv_env_CXX_value=
ac_cv_env_LDFLAGS_set=
ac_cv_env_LDFLAGS_value=
ac_cv_env_LIBS_set=
ac_cv_env_LIBS_value=
ac_cv_env_build_alias_set=
ac_cv_env_build_alias_value=
ac_cv_env_host_alias_set=
ac_cv_env_host_alias_value=
ac_cv_env_target_alias_set=
ac_cv_env_target_alias_value=
ac_cv_header_dlfcn_h=yes
ac_cv_header_inttypes_h=yes
ac_cv_header_memory_h=yes
ac_cv_header_stdbool_h=yes
ac_cv_header_stdc=yes
ac_cv_header_stdint_h=yes
ac_cv_header_stdlib_h=yes
ac_cv_header_string_h=yes
ac_cv_header_strings_h=yes
ac_cv_header_sys_stat_h=yes
ac_cv_header_sys_types_h=yes
ac_cv_header_unistd_h=yes
ac_cv_header_wchar_h=yes
ac_cv_host=x86_64-apple-darwin12.4.0
ac_cv_lib_error_at_line=no
ac_cv_objext=o
ac_cv_path_EGREP='/usr/bin/grep -E'
ac_cv_path_FGREP='/usr/bin/grep -F'
ac_cv_path_GREP=/usr/bin/grep
ac_cv_path_SED=/usr/bin/sed
ac_cv_path_install='/usr/bin/install -c'
ac_cv_prog_AWK=awk
ac_cv_prog_CPP='gcc -E'
ac_cv_prog_CXXCPP='g++ -E'
ac_cv_prog_ac_ct_AR=ar
ac_cv_prog_ac_ct_CC=gcc
ac_cv_prog_ac_ct_CXX=g++
ac_cv_prog_ac_ct_DSYMUTIL=dsymutil
ac_cv_prog_ac_ct_LIPO=lipo
ac_cv_prog_ac_ct_NMEDIT=nmedit
ac_cv_prog_ac_ct_OTOOL=otool
ac_cv_prog_ac_ct_RANLIB=ranlib
ac_cv_prog_ac_ct_STRIP=strip
ac_cv_prog_cc_c89=
ac_cv_prog_cc_g=yes
ac_cv_prog_cxx_g=yes
ac_cv_prog_make_make_set=yes
ac_cv_type__Bool=yes
ac_cv_type_size_t=yes
am_cv_CC_dependencies_compiler_type=gcc3
am_cv_CXX_dependencies_compiler_type=gcc3
am_cv_make_support_nested_variables=yes
am_cv_prog_cc_c_o=yes
lt_cv_apple_cc_single_mod=yes
lt_cv_ar_at_file=no
lt_cv_deplibs_check_method=pass_all
lt_cv_file_magic_cmd='$MAGIC_CMD'
lt_cv_file_magic_test_file=
lt_cv_ld_exported_symbols_list=yes
lt_cv_ld_force_load=yes
lt_cv_ld_reload_flag=-r
lt_cv_nm_interface='BSD nm'
lt_cv_objdir=.libs
lt_cv_path_LD=/usr/llvm-gcc-4.2/libexec/gcc/i686-apple-darwin11/4.2.1/ld
lt_cv_path_LDCXX=/usr/llvm-gcc-4.2/libexec/gcc/i686-apple-darwin11/4.2.1/ld
lt_cv_path_NM=/usr/bin/nm
lt_cv_path_mainfest_tool=no
lt_cv_prog_compiler_c_o=yes
lt_cv_prog_compiler_c_o_CXX=yes
lt_cv_prog_compiler_pic='-fno-common -DPIC'
lt_cv_prog_compiler_pic_CXX='-fno-common -DPIC'
lt_cv_prog_compiler_pic_works=yes
lt_cv_prog_compiler_pic_works_CXX=yes
lt_cv_prog_compiler_rtti_exceptions=no
lt_cv_prog_compiler_static_works=no
lt_cv_prog_compiler_static_works_CXX=no
lt_cv_prog_gnu_ld=no
lt_cv_prog_gnu_ldcxx=no
lt_cv_sharedlib_from_linklib_cmd='printf %s\n'
lt_cv_sys_global_symbol_pipe='sed -n -e '\''s/^.*[	 ]\([BCDEGRST][BCDEGRST]*\)[	 ][	 ]*_\([_A-Za-z][_A-Za-z0-9]*\)$/\1 _\2 \2/p'\'' | sed '\''/ __gnu_lto/d'\'''
lt_cv_sys_global_symbol_to_c_name_address='sed -n -e '\''s/^: \([^ ]*\)[ ]*$/  {\"\1\", (void *) 0},/p'\'' -e '\''s/^[BCDEGRST]* \([^ ]*\) \([^ ]*\)$/  {"\2", (void *) \&\2},/p'\'''
lt_cv_sys_global_symbol_to_c_name_address_lib_prefix='sed -n -e '\''s/^: \([^ ]*\)[ ]*$/  {\"\1\", (void *) 0},/p'\'' -e '\''s/^[BCDEGRST]* \([^ ]*\) \(lib[^ ]*\)$/  {"\2", (void *) \&\2},/p'\'' -e '\''s/^[BCDEGRST]* \([^ ]*\) \([^ ]*\)$/  {"lib\2", (void *) \&\2},/p'\'''
lt_cv_sys_global_symbol_to_cdecl='sed -n -e '\''s/^T .* \(.*\)$/extern int \1();/p'\'' -e '\''s/^[BCDEGRST]* .* \(.*\)$/extern char \1;/p'\'''
lt_cv_sys_max_cmd_len=196608
lt_cv_to_host_file_cmd=func_convert_file_noop
lt_cv_to_tool_file_cmd=func_convert_file_noop

## ----------------- ##
## Output variables. ##
## ----------------- ##

ACLOCAL='${SHELL} /Users/teki/Documents/SimpleJsonCpp/missing aclocal-1.14'
AMDEPBACKSLASH='\'
AMDEP_FALSE='#'
AMDEP_TRUE=''
AMTAR='$${TAR-tar}'
AM_BACKSLASH='\'
AM_DEFAULT_V='$(AM_DEFAULT_VERBOSITY)'
AM_DEFAULT_VERBOSITY='1'
AM_V='$(V)'
AR='ar'
AUTOCONF='${SHELL} /Users/teki/Documents/SimpleJsonCpp/missing autoconf'
AUTOHEADER='${SHELL} /Users/teki/Documents/SimpleJsonCpp/missing autoheader'
AUTOMAKE='${SHELL} /Users/teki/Documents/SimpleJsonCpp/missing automake-1.14'
AWK='awk'
CC='gcc'
CCDEPMODE='depmode=gcc3'
CFLAGS='-g -O2'
CPP='gcc -E'
CPPFLAGS=''
CXX='g++'
CXXCPP='g++ -E'
CXXDEPMODE='depmode=gcc3'
CXXFLAGS='-g -O2'
CYGPATH_W='echo'
DEFS='-DPACKAGE_NAME=\"libsimplejsoncpp\" -DPACKAGE_TARNAME=\"libsimplejsoncpp\" -DPACKAGE_VERSION=\"1.0\" -DPACKAGE_STRING=\"libsimplejsoncpp\ 1.0\" -DPACKAGE_BUGREPORT=\"chenjiajun90@gmail.com\" -DPACKAGE_URL=\"\" -DPACKAGE=\"libsimplejsoncpp\" -DVERSION=\"1.0\" -DSTDC_HEADERS=1 -DHAVE_SYS_TYPES_H=1 -DHAVE_SYS_STAT_H=1 -DHAVE_STDLIB_H=1 -DHAVE_STRING_H=1 -DHAVE_MEMORY_H=1 -DHAVE_STRINGS_H=1 -DHAVE_INTTYPES_H=1 -DHAVE_STDINT_H=1 -DHAVE_UNISTD_H=1 -DHAVE_DLFCN_H=1 -DLT_OBJDIR=\".libs/\" -DHAVE_WCHAR_H=1 -DHAVE__BOOL=1'
DEPDIR='.deps'
DLLTOOL='false'
DSYMUTIL='dsymutil'
DUMPBIN=''
ECHO_C='\c'
ECHO_N=''
ECHO_T=''
EGREP='/usr/bin/grep -E'
EXEEXT=''
FGREP='/usr/bin/grep -F'
GREP='/usr/bin/grep'
INSTALL_DATA='${INSTALL} -m 644'
INSTALL_PROGRAM='${INSTALL}'
INSTALL_SCRIPT='${INSTALL}'
INSTALL_STRIP_PROGRAM='$(install_sh) -c -s'
LD='/usr/llvm-gcc-4.2/libexec/gcc/i686-apple-darwin11/4.2.1/ld'
LDFLAGS=''
LIBOBJS=' ${LIBOBJDIR}error$U.o'
LIBS=''
LIBTOOL='$(SHELL) $(top_builddir)/libtool'
LIPO='lipo'
LN_S='ln -s'
LTLIBOBJS=' ${LIBOBJDIR}error$U.lo'
MAKEINFO='${SHELL} /Users/teki/Documents/SimpleJsonCpp/missing makeinfo'
MANIFEST_TOOL=':'
MKDIR_P='./install-sh -c -d'
NM='/usr/bin/nm'
NMEDIT='nmedit'
OBJDUMP='false'
OBJEXT='o'
OTOOL64=':'
OTOOL='otool'
PACKAGE='libsimplejsoncpp'
PACKAGE_BUGREPORT='chenjiajun90@gmail.com'
PACKAGE_NAME='libsimplejsoncpp'
PACKAGE_STRING='libsimplejsoncpp 1.0'
PACKAGE_TARNAME='libsimplejsoncpp'
PACKAGE_URL=''
PACKAGE_VERSION='1.0'
PATH_SEPARATOR=':'
RANLIB='ranlib'
SED='/usr/bin/sed'
SET_MAKE=''
SHELL='/bin/sh'
STRIP='strip'
VERSION='1.0'
ac_ct_AR='ar'
ac_ct_CC='gcc'
ac_ct_CXX='g++'
ac_ct_DUMPBIN=''
am__EXEEXT_FALSE=''
am__EXEEXT_TRUE='#'
am__fastdepCC_FALSE='#'
am__fastdepCC_TRUE=''
am__fastdepCXX_FALSE='#'
am__fastdepCXX_TRUE=''
am__include='include'
am__isrc=''
am__leading_dot='.'
am__nodep='_no'
am__quote=''
am__tar='$${TAR-tar} chof - "$$tardir"'
am__untar='$${TAR-tar} xf -'
bindir='${exec_prefix}/bin'
build='x86_64-apple-darwin12.4.0'
build_alias=''
build_cpu='x86_64'
build_os='darwin12.4.0'
build_vendor='apple'
datadir='${datarootdir}'
datarootdir='${prefix}/share'
docdir='${datarootdir}/doc/${PACKAGE_TARNAME}'
dvidir='${docdir}'
exec_prefix='${prefix}'
host='x86_64-apple-darwin12.4.0'
host_alias=''
host_cpu='x86_64'
host_os='darwin12.4.0'
host_vendor='apple'
htmldir='${docdir}'
includedir='${prefix}/include'
infodir='${datarootdir}/info'
install_sh='${SHELL} /Users/teki/Documents/SimpleJsonCpp/install-sh'
libdir='${exec_prefix}/lib'
libexecdir='${exec_prefix}/libexec'
localedir='${datarootdir}/locale'
localstatedir='${prefix}/var'
mandir='${datarootdir}/man'
mkdir_p='$(MKDIR_P)'
oldincludedir='/usr/include'
pdfdir='${docdir}'
prefix='/usr/local'
program_transform_name='s,x,x,'
psdir='${docdir}'
sbindir='${exec_prefix}/sbin'
sharedstatedir='${prefix}/com'
sysconfdir='${prefix}/etc'
target_alias=''

## ----------- ##
## confdefs.h. ##
## ----------- ##

/* confdefs.h */
#define PACKAGE_NAME "libsimplejsoncpp"
#define PACKAGE_TARNAME "libsimplejsoncpp"
#define PACKAGE_VERSION "1.0"
#define PACKAGE_STRING "libsimplejsoncpp 1.0"
#define PACKAGE_BUGREPORT "chenjiajun90@gmail.com"
#define PACKAGE_URL ""
#define PACKAGE "libsimplejsoncpp"
#define VERSION "1.0"
#define STDC_HEADERS 1
#define HAVE_SYS_TYPES_H 1
#define HAVE_SYS_STAT_H 1
#define HAVE_STDLIB_H 1
#define HAVE_STRING_H 1
#define HAVE_MEMORY_H 1
#define HAVE_STRINGS_H 1
#define HAVE_INTTYPES_H 1
#define HAVE_STDINT_H 1
#define HAVE_UNISTD_H 1
#define HAVE_DLFCN_H 1
#define LT_OBJDIR ".libs/"
#define HAVE_WCHAR_H 1
#define HAVE__BOOL 1

configure: exit 0
